{"/Users/justinjones/Development/mc-components/src/components/constants.js": {"path":"/Users/justinjones/Development/mc-components/src/components/constants.js","statementMap":{"0":{"start":{"line":4,"column":34},"end":{"line":9,"column":2}}},"fnMap":{},"branchMap":{},"s":{"0":1},"f":{},"b":{},"_coverageSchema":"43e27e138ebf9cfc5966b082cf9a028302ed4184","hash":"5250e976e6f8f32a389ebf9c1f1a1e69561f962a"}
,"/Users/justinjones/Development/mc-components/src/components/Carousel/index.js": {"path":"/Users/justinjones/Development/mc-components/src/components/Carousel/index.js","statementMap":{"0":{"start":{"line":12,"column":24},"end":{"line":12,"column":30}},"1":{"start":{"line":13,"column":25},"end":{"line":13,"column":32}},"2":{"start":{"line":15,"column":23},"end":{"line":15,"column":29}},"3":{"start":{"line":16,"column":23},"end":{"line":16,"column":29}},"4":{"start":{"line":20,"column":21},"end":{"line":26,"column":3}},"5":{"start":{"line":35,"column":8},"end":{"line":35,"column":18}},"6":{"start":{"line":37,"column":4},"end":{"line":37,"column":34}},"7":{"start":{"line":37,"column":21},"end":{"line":37,"column":32}},"8":{"start":{"line":39,"column":20},"end":{"line":43,"column":6}},"9":{"start":{"line":45,"column":4},"end":{"line":55,"column":5}},"10":{"start":{"line":61,"column":21},"end":{"line":79,"column":3}},"11":{"start":{"line":81,"column":24},"end":{"line":94,"column":3}},"12":{"start":{"line":96,"column":22},"end":{"line":96,"column":39}},"13":{"start":{"line":99,"column":4},"end":{"line":99,"column":16}},"14":{"start":{"line":101,"column":4},"end":{"line":101,"column":54}},"15":{"start":{"line":102,"column":4},"end":{"line":104,"column":5}},"16":{"start":{"line":107,"column":20},"end":{"line":116,"column":3}},"17":{"start":{"line":108,"column":28},"end":{"line":108,"column":38}},"18":{"start":{"line":109,"column":29},"end":{"line":109,"column":39}},"19":{"start":{"line":111,"column":24},"end":{"line":113,"column":34}},"20":{"start":{"line":115,"column":4},"end":{"line":115,"column":46}},"21":{"start":{"line":118,"column":20},"end":{"line":129,"column":3}},"22":{"start":{"line":119,"column":49},"end":{"line":119,"column":59}},"23":{"start":{"line":120,"column":29},"end":{"line":120,"column":39}},"24":{"start":{"line":121,"column":26},"end":{"line":121,"column":56}},"25":{"start":{"line":124,"column":6},"end":{"line":126,"column":36}},"26":{"start":{"line":128,"column":4},"end":{"line":128,"column":46}},"27":{"start":{"line":131,"column":22},"end":{"line":133,"column":3}},"28":{"start":{"line":132,"column":4},"end":{"line":132,"column":42}},"29":{"start":{"line":153,"column":8},"end":{"line":153,"column":18}},"30":{"start":{"line":155,"column":29},"end":{"line":163,"column":6}},"31":{"start":{"line":165,"column":28},"end":{"line":168,"column":6}},"32":{"start":{"line":170,"column":19},"end":{"line":194,"column":7}},"33":{"start":{"line":196,"column":4},"end":{"line":232,"column":5}},"34":{"start":{"line":215,"column":30},"end":{"line":215,"column":66}}},"fnMap":{"0":{"name":"(anonymous_0)","decl":{"start":{"line":28,"column":2},"end":{"line":28,"column":3}},"loc":{"start":{"line":28,"column":12},"end":{"line":56,"column":3}},"line":28},"1":{"name":"(anonymous_1)","decl":{"start":{"line":98,"column":2},"end":{"line":98,"column":3}},"loc":{"start":{"line":98,"column":22},"end":{"line":105,"column":3}},"line":98},"2":{"name":"(anonymous_2)","decl":{"start":{"line":107,"column":20},"end":{"line":107,"column":21}},"loc":{"start":{"line":107,"column":26},"end":{"line":116,"column":3}},"line":107},"3":{"name":"(anonymous_3)","decl":{"start":{"line":118,"column":20},"end":{"line":118,"column":21}},"loc":{"start":{"line":118,"column":26},"end":{"line":129,"column":3}},"line":118},"4":{"name":"(anonymous_4)","decl":{"start":{"line":131,"column":22},"end":{"line":131,"column":23}},"loc":{"start":{"line":131,"column":33},"end":{"line":133,"column":3}},"line":131},"5":{"name":"(anonymous_5)","decl":{"start":{"line":135,"column":2},"end":{"line":135,"column":3}},"loc":{"start":{"line":135,"column":12},"end":{"line":233,"column":3}},"line":135},"6":{"name":"(anonymous_6)","decl":{"start":{"line":215,"column":24},"end":{"line":215,"column":25}},"loc":{"start":{"line":215,"column":30},"end":{"line":215,"column":66}},"line":215}},"branchMap":{"0":{"loc":{"start":{"line":37,"column":4},"end":{"line":37,"column":34}},"type":"if","locations":[{"start":{"line":37,"column":4},"end":{"line":37,"column":34}},{"start":{"line":37,"column":4},"end":{"line":37,"column":34}}],"line":37},"1":{"loc":{"start":{"line":101,"column":18},"end":{"line":101,"column":54}},"type":"binary-expr","locations":[{"start":{"line":101,"column":18},"end":{"line":101,"column":33}},{"start":{"line":101,"column":37},"end":{"line":101,"column":54}}],"line":101},"2":{"loc":{"start":{"line":103,"column":20},"end":{"line":103,"column":43}},"type":"binary-expr","locations":[{"start":{"line":103,"column":20},"end":{"line":103,"column":38}},{"start":{"line":103,"column":42},"end":{"line":103,"column":43}}],"line":103},"3":{"loc":{"start":{"line":111,"column":24},"end":{"line":113,"column":34}},"type":"cond-expr","locations":[{"start":{"line":112,"column":8},"end":{"line":112,"column":9}},{"start":{"line":113,"column":8},"end":{"line":113,"column":34}}],"line":111},"4":{"loc":{"start":{"line":124,"column":6},"end":{"line":126,"column":36}},"type":"cond-expr","locations":[{"start":{"line":125,"column":10},"end":{"line":125,"column":35}},{"start":{"line":126,"column":10},"end":{"line":126,"column":36}}],"line":124},"5":{"loc":{"start":{"line":170,"column":19},"end":{"line":194,"column":7}},"type":"cond-expr","locations":[{"start":{"line":171,"column":8},"end":{"line":191,"column":7}},{"start":{"line":192,"column":8},"end":{"line":194,"column":7}}],"line":170},"6":{"loc":{"start":{"line":208,"column":31},"end":{"line":208,"column":52}},"type":"binary-expr","locations":[{"start":{"line":208,"column":31},"end":{"line":208,"column":44}},{"start":{"line":208,"column":48},"end":{"line":208,"column":52}}],"line":208},"7":{"loc":{"start":{"line":211,"column":30},"end":{"line":211,"column":59}},"type":"cond-expr","locations":[{"start":{"line":211,"column":46},"end":{"line":211,"column":47}},{"start":{"line":211,"column":50},"end":{"line":211,"column":59}}],"line":211}},"s":{"0":1,"1":1,"2":1,"3":1,"4":1,"5":0,"6":0,"7":0,"8":0,"9":0,"10":1,"11":1,"12":0,"13":0,"14":0,"15":0,"16":0,"17":0,"18":0,"19":0,"20":0,"21":0,"22":0,"23":0,"24":0,"25":0,"26":0,"27":0,"28":0,"29":0,"30":0,"31":0,"32":0,"33":0,"34":0},"f":{"0":0,"1":0,"2":0,"3":0,"4":0,"5":0,"6":0},"b":{"0":[0,0],"1":[0,0],"2":[0,0],"3":[0,0],"4":[0,0],"5":[0,0],"6":[0,0],"7":[0,0]},"_coverageSchema":"43e27e138ebf9cfc5966b082cf9a028302ed4184","hash":"a34c26baee6811bad5cd0175cc4fe0508eedbc31"}
,"/Users/justinjones/Development/mc-components/src/components/Icons/ChevronLeft.js": {"path":"/Users/justinjones/Development/mc-components/src/components/Icons/ChevronLeft.js","statementMap":{"0":{"start":{"line":3,"column":23},"end":{"line":12,"column":1}},"1":{"start":{"line":4,"column":2},"end":{"line":11,"column":8}}},"fnMap":{"0":{"name":"(anonymous_0)","decl":{"start":{"line":3,"column":23},"end":{"line":3,"column":24}},"loc":{"start":{"line":4,"column":2},"end":{"line":11,"column":8}},"line":4}},"branchMap":{},"s":{"0":1,"1":0},"f":{"0":0},"b":{},"_coverageSchema":"43e27e138ebf9cfc5966b082cf9a028302ed4184","hash":"3b995a7731308d12e9fda063996f71d69e1426e6"}
,"/Users/justinjones/Development/mc-components/src/components/Icons/ChevronRight.js": {"path":"/Users/justinjones/Development/mc-components/src/components/Icons/ChevronRight.js","statementMap":{"0":{"start":{"line":3,"column":24},"end":{"line":12,"column":1}},"1":{"start":{"line":4,"column":2},"end":{"line":11,"column":8}}},"fnMap":{"0":{"name":"(anonymous_0)","decl":{"start":{"line":3,"column":24},"end":{"line":3,"column":25}},"loc":{"start":{"line":4,"column":2},"end":{"line":11,"column":8}},"line":4}},"branchMap":{},"s":{"0":1,"1":0},"f":{"0":0},"b":{},"_coverageSchema":"43e27e138ebf9cfc5966b082cf9a028302ed4184","hash":"86a47fe003a1e2c08c76a932878d2c9679d90cc9"}
}
