TN:
SF:/Users/justinjones/Development/mc-components/src/components/constants.js
FNF:0
FNH:0
DA:4,1
LF:1
LH:1
BRF:0
BRH:0
end_of_record
TN:
SF:/Users/justinjones/Development/mc-components/src/components/Carousel/index.js
FN:28,(anonymous_0)
FN:98,(anonymous_1)
FN:107,(anonymous_2)
FN:118,(anonymous_3)
FN:131,(anonymous_4)
FN:135,(anonymous_5)
FN:215,(anonymous_6)
FNF:7
FNH:0
FNDA:0,(anonymous_0)
FNDA:0,(anonymous_1)
FNDA:0,(anonymous_2)
FNDA:0,(anonymous_3)
FNDA:0,(anonymous_4)
FNDA:0,(anonymous_5)
FNDA:0,(anonymous_6)
DA:12,1
DA:13,1
DA:15,1
DA:16,1
DA:20,1
DA:35,0
DA:37,0
DA:39,0
DA:45,0
DA:61,1
DA:81,1
DA:96,0
DA:99,0
DA:101,0
DA:102,0
DA:107,0
DA:108,0
DA:109,0
DA:111,0
DA:115,0
DA:118,0
DA:119,0
DA:120,0
DA:121,0
DA:124,0
DA:128,0
DA:131,0
DA:132,0
DA:153,0
DA:155,0
DA:165,0
DA:170,0
DA:196,0
DA:215,0
LF:34
LH:7
BRDA:37,0,0,0
BRDA:37,0,1,0
BRDA:101,1,0,0
BRDA:101,1,1,0
BRDA:103,2,0,0
BRDA:103,2,1,0
BRDA:111,3,0,0
BRDA:111,3,1,0
BRDA:124,4,0,0
BRDA:124,4,1,0
BRDA:170,5,0,0
BRDA:170,5,1,0
BRDA:208,6,0,0
BRDA:208,6,1,0
BRDA:211,7,0,0
BRDA:211,7,1,0
BRF:16
BRH:0
end_of_record
TN:
SF:/Users/justinjones/Development/mc-components/src/components/Icons/ChevronLeft.js
FN:3,(anonymous_0)
FNF:1
FNH:0
FNDA:0,(anonymous_0)
DA:3,1
DA:4,0
LF:2
LH:1
BRF:0
BRH:0
end_of_record
TN:
SF:/Users/justinjones/Development/mc-components/src/components/Icons/ChevronRight.js
FN:3,(anonymous_0)
FNF:1
FNH:0
FNDA:0,(anonymous_0)
DA:3,1
DA:4,0
LF:2
LH:1
BRF:0
BRH:0
end_of_record
